<?xml version="1.0" encoding="UTF-8"?>
<!-- Generated by org.testng.reporters.JUnitXMLReporter -->
<testsuite ignored="0" hostname="LadZoneHome" failures="1" tests="2" name="Sign in Test" time="11.433" errors="0" timestamp="23 Feb 2020 23:49:42 GMT">
  <testcase classname="automationpractice.testcases.CreateAccountFormTest" name="signInTest" time="7.166"/>
  <testcase classname="automationpractice.testcases.CreateAccountFormTest" name="authentication" time="3.37">
    <failure type="java.lang.NullPointerException">
      <![CDATA[java.lang.NullPointerException
at automationpractice.page.action.AccountPage.authenticationPageEmailField(AccountPage.java:91)
at automationpractice.testcases.CreateAccountFormTest.authentication(CreateAccountFormTest.java:32)
... Removed 25 stack frames]]>
    </failure>
  </testcase> <!-- authentication -->
</testsuite> <!-- Sign in Test -->
