<?xml version="1.0" encoding="UTF-8"?>
<!-- Generated by org.testng.reporters.JUnitXMLReporter -->
<testsuite ignored="0" hostname="LadZoneHome" failures="1" tests="1" name="Test" time="6.188" errors="0" timestamp="03 Dec 2019 22:33:14 GMT">
  <testcase classname="automationpractice.testcases.LoginTest" name="loginTest" time="6.176">
    <failure type="java.lang.NullPointerException">
      <![CDATA[java.lang.NullPointerException
at automationpractice.page.action.LoginPage.doLogin(LoginPage.java:29)
at automationpractice.testcases.LoginTest.loginTest(LoginTest.java:23)
... Removed 25 stack frames]]>
    </failure>
  </testcase> <!-- loginTest -->
</testsuite> <!-- Test -->
