<?xml version="1.0" encoding="UTF-8"?>
<testng-results ignored="0" total="3" passed="3" failed="0" skipped="0">
  <reporter-output>
  </reporter-output>
  <suite started-at="2019-12-07T02:45:41Z" name="Suite" finished-at="2019-12-07T02:45:48Z" duration-ms="7127">
    <groups>
    </groups>
    <test started-at="2019-12-07T02:45:41Z" name="Sign in Test" finished-at="2019-12-07T02:45:48Z" duration-ms="7127">
      <class name="automationpractice.testcases.HomeTest">
        <test-method signature="signInTest()[pri:0, instance:automationpractice.testcases.HomeTest@3b2c0e88]" started-at="2019-12-07T02:45:41Z" name="signInTest" finished-at="2019-12-07T02:45:48Z" duration-ms="6889" status="PASS">
          <reporter-output>
          </reporter-output>
        </test-method> <!-- signInTest -->
      </class> <!-- automationpractice.testcases.HomeTest -->
    </test> <!-- Sign in Test -->
  </suite> <!-- Suite -->
  <suite started-at="2019-12-07T02:45:57Z" name="Suite (1)" finished-at="2019-12-07T02:46:12Z" duration-ms="15385">
    <groups>
    </groups>
    <test started-at="2019-12-07T02:45:57Z" name="Sign in Test" finished-at="2019-12-07T02:46:12Z" duration-ms="15385">
      <class name="automationpractice.testcases.CheckoutTest">
        <test-method signature="loginTest()[pri:0, instance:automationpractice.testcases.CheckoutTest@62e6b5c8]" started-at="2019-12-07T02:45:57Z" name="loginTest" finished-at="2019-12-07T02:46:12Z" duration-ms="15321" status="PASS">
          <reporter-output>
          </reporter-output>
        </test-method> <!-- loginTest -->
      </class> <!-- automationpractice.testcases.CheckoutTest -->
    </test> <!-- Sign in Test -->
  </suite> <!-- Suite (1) -->
  <suite started-at="2019-12-07T02:45:49Z" name="Suite (0)" finished-at="2019-12-07T02:45:56Z" duration-ms="7444">
    <groups>
    </groups>
    <test started-at="2019-12-07T02:45:49Z" name="Sign in Test" finished-at="2019-12-07T02:45:56Z" duration-ms="7444">
      <class name="automationpractice.testcases.LoginTest">
        <test-method signature="loginTest()[pri:0, instance:automationpractice.testcases.LoginTest@665df3c6]" started-at="2019-12-07T02:45:49Z" name="loginTest" finished-at="2019-12-07T02:45:56Z" duration-ms="7383" status="PASS">
          <reporter-output>
          </reporter-output>
        </test-method> <!-- loginTest -->
      </class> <!-- automationpractice.testcases.LoginTest -->
    </test> <!-- Sign in Test -->
  </suite> <!-- Suite (0) -->
</testng-results>
