<?xml version="1.0" encoding="UTF-8"?>
<testsuite xmlns:xsi="http://www.w3.org/2001/XMLSchema-instance" xsi:noNamespaceSchemaLocation="https://maven.apache.org/surefire/maven-surefire-plugin/xsd/surefire-test-report-3.0.xsd" version="3.0" name="TestSuite" time="33.481" tests="3" errors="0" skipped="0" failures="0">
  <properties>
[...]
</properties>
  <testcase name="signInTest" classname="automationpractice.testcases.HomeTest" time="7.111"/>
  <testcase name="loginTest" classname="automationpractice.testcases.LoginTest" time="7.423"/>
  <testcase name="loginTest" classname="automationpractice.testcases.CheckoutTest" time="15.367"/>
</testsuite>